<?xml version="1.0" encoding="UTF-8"?>
<!-- Generated by org.testng.reporters.JUnitReportReporter -->
<testsuite skipped="0" hostname="MacBook-Pro-Dmitrij.local" name="io.redtrack.app.tests.RedtrackLogin" tests="4" failures="0" timestamp="17 мая 2019 13:29:44 GMT" time="18.723" errors="0">
  <testcase name="InvalidLogin" time="5.985" classname="io.redtrack.app.tests.RedtrackLogin"/>
  <testcase name="Login" time="6.880" classname="io.redtrack.app.tests.RedtrackLogin"/>
  <testcase name="closingDrvr" time="0.105" classname="io.redtrack.app.tests.RedtrackLogin"/>
  <testcase name="upperCaseLogin" time="5.753" classname="io.redtrack.app.tests.RedtrackLogin"/>
</testsuite> <!-- io.redtrack.app.tests.RedtrackLogin -->
