<?xml version="1.0" encoding="UTF-8"?>
<!-- Generated by org.testng.reporters.JUnitReportReporter -->
<testsuite skipped="0" hostname="MacBook-Pro-Dmitrij.local" name="io.redtrack.app.tests.RedtrackStatsTests" tests="13" failures="0" timestamp="17 мая 2019 13:29:44 GMT" time="24.468" errors="0">
  <testcase name="checkROI" time="0.385" classname="io.redtrack.app.tests.RedtrackStatsTests"/>
  <testcase name="campaignsPage" time="0.432" classname="io.redtrack.app.tests.RedtrackStatsTests"/>
  <testcase name="offQuickStat" time="0.171" classname="io.redtrack.app.tests.RedtrackStatsTests"/>
  <testcase name="checkCPA" time="0.375" classname="io.redtrack.app.tests.RedtrackStatsTests"/>
  <testcase name="checkTR" time="0.522" classname="io.redtrack.app.tests.RedtrackStatsTests"/>
  <testcase name="checkCR" time="0.369" classname="io.redtrack.app.tests.RedtrackStatsTests"/>
  <testcase name="setDate" time="0.338" classname="io.redtrack.app.tests.RedtrackStatsTests"/>
  <testcase name="setCustomPeriod" time="5.825" classname="io.redtrack.app.tests.RedtrackStatsTests"/>
  <testcase name="checkEPC" time="0.390" classname="io.redtrack.app.tests.RedtrackStatsTests"/>
  <testcase name="checkingProfit" time="0.488" classname="io.redtrack.app.tests.RedtrackStatsTests"/>
  <testcase name="login" time="6.160" classname="io.redtrack.app.tests.RedtrackStatsTests"/>
  <testcase name="checkingCPC" time="8.463" classname="io.redtrack.app.tests.RedtrackStatsTests"/>
  <testcase name="checkingCPT" time="0.550" classname="io.redtrack.app.tests.RedtrackStatsTests"/>
</testsuite> <!-- io.redtrack.app.tests.RedtrackStatsTests -->
