<?xml version="1.0" encoding="UTF-8"?>
<!-- Generated by org.testng.reporters.JUnitReportReporter -->
<testsuite skipped="0" hostname="MacBook-Pro-Dmitrij.local" name="io.redtrack.app.tests.RedtrackLogin" tests="4" failures="0" timestamp="19 июл 2019 14:16:50 GMT" time="23.550" errors="1">
  <testcase name="Login" time="0.000" classname="io.redtrack.app.tests.RedtrackLogin">
    <error type="org.testng.TestNGException" message="
Cannot inject @Test annotated Method [Login] with [class org.openqa.selenium.remote.RemoteWebDriver].
For more information on native dependency injection please refer to http://testng.org/doc/documentation-main.html#native-dependency-injection">
      <![CDATA[org.testng.TestNGException: 
Cannot inject @Test annotated Method [Login] with [class org.openqa.selenium.remote.RemoteWebDriver].
For more information on native dependency injection please refer to http://testng.org/doc/documentation-main.html#native-dependency-injection
at org.testng.internal.Parameters.checkParameterTypes(Parameters.java:407)
at org.testng.internal.Parameters.createParametersForMethod(Parameters.java:356)
at org.testng.internal.Parameters.createParameters(Parameters.java:635)
at org.testng.internal.Parameters.handleParameters(Parameters.java:769)
at org.testng.internal.ParameterHandler.handleParameters(ParameterHandler.java:49)
at org.testng.internal.ParameterHandler.createParameters(ParameterHandler.java:37)
at org.testng.internal.Invoker.invokeTestMethods(Invoker.java:924)
at org.testng.internal.TestMethodWorker.invokeTestMethods(TestMethodWorker.java:125)
at org.testng.internal.TestMethodWorker.run(TestMethodWorker.java:109)
at java.util.concurrent.ThreadPoolExecutor.runWorker(ThreadPoolExecutor.java:1149)
at java.util.concurrent.ThreadPoolExecutor$Worker.run(ThreadPoolExecutor.java:624)
at java.lang.Thread.run(Thread.java:748)
]]>
    </error>
  </testcase> <!-- Login -->
  <testcase name="InvalidLogin" time="7.601" classname="io.redtrack.app.tests.RedtrackLogin"/>
  <testcase name="closingDrvr" time="0.154" classname="io.redtrack.app.tests.RedtrackLogin"/>
  <testcase name="upperCaseLogin" time="15.795" classname="io.redtrack.app.tests.RedtrackLogin"/>
</testsuite> <!-- io.redtrack.app.tests.RedtrackLogin -->
