<?xml version="1.0" encoding="UTF-8"?>
<!-- Generated by org.testng.reporters.JUnitReportReporter -->
<testsuite skipped="0" hostname="MacBook-Pro-Dmitrij.local" name="io.redtrack.app.tests.RedtrackStatsTests" tests="14" failures="0" timestamp="08 апр 2019 16:26:11 GMT" time="13.673" errors="0">
  <testcase name="setDate" time="0.013" classname="io.redtrack.app.tests.RedtrackStatsTests"/>
  <testcase name="checkROI" time="0.009" classname="io.redtrack.app.tests.RedtrackStatsTests"/>
  <testcase name="checkCR" time="0.012" classname="io.redtrack.app.tests.RedtrackStatsTests"/>
  <testcase name="checkingProfit" time="0.009" classname="io.redtrack.app.tests.RedtrackStatsTests"/>
  <testcase name="checkTR" time="0.018" classname="io.redtrack.app.tests.RedtrackStatsTests"/>
  <testcase name="login" time="2.716" classname="io.redtrack.app.tests.RedtrackStatsTests"/>
  <testcase name="checkingCPT" time="0.009" classname="io.redtrack.app.tests.RedtrackStatsTests"/>
  <testcase name="checkingCPC" time="5.025" classname="io.redtrack.app.tests.RedtrackStatsTests"/>
  <testcase name="closingDriver" time="0.099" classname="io.redtrack.app.tests.RedtrackStatsTests"/>
  <testcase name="checkEPC" time="0.013" classname="io.redtrack.app.tests.RedtrackStatsTests"/>
  <testcase name="setCustomPeriod" time="5.015" classname="io.redtrack.app.tests.RedtrackStatsTests"/>
  <testcase name="checkCPA" time="0.011" classname="io.redtrack.app.tests.RedtrackStatsTests"/>
  <testcase name="campaignsPage" time="0.715" classname="io.redtrack.app.tests.RedtrackStatsTests"/>
  <testcase name="checkingConv" time="0.009" classname="io.redtrack.app.tests.RedtrackStatsTests"/>
</testsuite> <!-- io.redtrack.app.tests.RedtrackStatsTests -->
