<?xml version="1.0" encoding="UTF-8"?>
<!-- Generated by org.testng.reporters.JUnitReportReporter -->
<testsuite skipped="0" hostname="MacBook-Pro-Dmitrij.local" name="io.redtrack.app.tests.RedtrackNavigation" tests="16" failures="0" timestamp="17 мая 2019 12:25:17 GMT" time="131.092" errors="0">
  <testcase name="toolsConversionTracking" time="10.162" classname="io.redtrack.app.tests.RedtrackNavigation"/>
  <testcase name="logsPostbackPage" time="5.162" classname="io.redtrack.app.tests.RedtrackNavigation"/>
  <testcase name="tSpage" time="5.182" classname="io.redtrack.app.tests.RedtrackNavigation"/>
  <testcase name="domainsPage" time="5.587" classname="io.redtrack.app.tests.RedtrackNavigation"/>
  <testcase name="toolsAPIDocumentation" time="10.096" classname="io.redtrack.app.tests.RedtrackNavigation"/>
  <testcase name="toolsDefFallbackURL" time="3.454" classname="io.redtrack.app.tests.RedtrackNavigation"/>
  <testcase name="toolsBotBlack" time="15.145" classname="io.redtrack.app.tests.RedtrackNavigation"/>
  <testcase name="networksPage" time="5.202" classname="io.redtrack.app.tests.RedtrackNavigation"/>
  <testcase name="logsConversionPage" time="5.207" classname="io.redtrack.app.tests.RedtrackNavigation"/>
  <testcase name="dashBoardPage" time="5.331" classname="io.redtrack.app.tests.RedtrackNavigation"/>
  <testcase name="landersPage" time="5.204" classname="io.redtrack.app.tests.RedtrackNavigation"/>
  <testcase name="campPage" time="10.207" classname="io.redtrack.app.tests.RedtrackNavigation"/>
  <testcase name="logsClicksPage" time="5.236" classname="io.redtrack.app.tests.RedtrackNavigation"/>
  <testcase name="toolsFilterPresets" time="3.329" classname="io.redtrack.app.tests.RedtrackNavigation"/>
  <testcase name="Login" time="26.330" classname="io.redtrack.app.tests.RedtrackNavigation"/>
  <testcase name="offersPage" time="10.258" classname="io.redtrack.app.tests.RedtrackNavigation"/>
</testsuite> <!-- io.redtrack.app.tests.RedtrackNavigation -->
